<?xml version="1.0" encoding="UTF-8"?>
<!-- Generated by org.testng.reporters.JUnitReportReporter -->
<testsuite hostname="Sharini" failures="0" tests="4" name="com.Portfolio_Test.PortfolioHeaderTest" time="0.114" errors="1" timestamp="2024-05-01T22:20:32 EDT" skipped="3">
  <testcase classname="com.Portfolio_Test.PortfolioHeaderTest" name="setUpExtentReports" time="0.114">
    <error message="com.aventstack.extentreports.reporter.ExtentSparkReporter" type="java.lang.ArrayStoreException">
      <![CDATA[java.lang.ArrayStoreException: com.aventstack.extentreports.reporter.ExtentSparkReporter
at com.Portfolio_Test.PortfolioHeaderTest.setUpExtentReports(PortfolioHeaderTest.java:30)
at java.base/jdk.internal.reflect.DirectMethodHandleAccessor.invoke(DirectMethodHandleAccessor.java:103)
at java.base/java.lang.reflect.Method.invoke(Method.java:580)
at org.testng.internal.MethodInvocationHelper.invokeMethod(MethodInvocationHelper.java:133)
at org.testng.internal.MethodInvocationHelper.invokeMethodConsideringTimeout(MethodInvocationHelper.java:62)
at org.testng.internal.ConfigInvoker.invokeConfigurationMethod(ConfigInvoker.java:385)
at org.testng.internal.ConfigInvoker.invokeConfigurations(ConfigInvoker.java:321)
at org.testng.SuiteRunner.privateRun(SuiteRunner.java:317)
at org.testng.SuiteRunner.run(SuiteRunner.java:276)
at org.testng.SuiteRunnerWorker.runSuite(SuiteRunnerWorker.java:53)
at org.testng.SuiteRunnerWorker.run(SuiteRunnerWorker.java:96)
at org.testng.TestNG.runSuitesSequentially(TestNG.java:1212)
at org.testng.TestNG.runSuitesLocally(TestNG.java:1134)
at org.testng.TestNG.runSuites(TestNG.java:1063)
at org.testng.TestNG.run(TestNG.java:1031)
at org.testng.remote.AbstractRemoteTestNG.run(AbstractRemoteTestNG.java:115)
at org.testng.remote.RemoteTestNG.initAndRun(RemoteTestNG.java:251)
at org.testng.remote.RemoteTestNG.main(RemoteTestNG.java:77)
]]>
    </error>
  </testcase> <!-- setUpExtentReports -->
  <system-out/>
  <testcase classname="com.Portfolio_Test.PortfolioHeaderTest" name="portfolio" time="0.000">
    <skipped/>
  </testcase> <!-- portfolio -->
  <system-out/>
  <testcase classname="com.Portfolio_Test.PortfolioHeaderTest" name="home" time="0.000">
    <skipped/>
  </testcase> <!-- home -->
  <system-out/>
  <testcase classname="com.Portfolio_Test.PortfolioHeaderTest" name="about" time="0.000">
    <skipped/>
  </testcase> <!-- about -->
  <system-out/>
</testsuite> <!-- com.Portfolio_Test.PortfolioHeaderTest -->
